<?xml version="1.0" encoding="UTF-8"?>
<!-- Generated by org.testng.reporters.JUnitReportReporter -->
<testsuite hostname="arun-asus" failures="0" tests="1" name="para.p2" time="19.220" errors="0" timestamp="2024-01-11T09:44:46 IST" skipped="0">
  <testcase classname="para.p2" name="driver" time="19.220"/>
  <system-out/>
</testsuite> <!-- para.p2 -->
