<?xml version="1.0" encoding="UTF-8"?>
<!-- Generated by org.testng.reporters.JUnitReportReporter -->
<testsuite hostname="arun-asus" failures="0" tests="1" name="para.p1" time="20.545" errors="0" timestamp="2024-01-17T19:27:40 IST" skipped="0">
  <testcase classname="para.p1" name="data" time="20.545"/>
  <system-out/>
</testsuite> <!-- para.p1 -->
