<?xml version="1.0" encoding="UTF-8"?>
<!-- Generated by org.testng.reporters.JUnitReportReporter -->
<testsuite hostname="arun-asus" failures="0" tests="3" name="dataset.ds2" time="64.480" errors="0" timestamp="2024-01-11T12:15:42 IST" skipped="0">
  <testcase classname="dataset.ds2" name="driver" time="39.634"/>
  <system-out/>
  <testcase classname="dataset.ds2" name="driver" time="12.622"/>
  <system-out/>
  <testcase classname="dataset.ds2" name="driver" time="12.224"/>
  <system-out/>
</testsuite> <!-- dataset.ds2 -->
